build/app/intermediates/manifest_merge_blame_file/debug/manifest-merger-blame-debug-report.txt
1<?xml version="1.0" encoding="utf-8"?>
2<manifest xmlns:android="http://schemas.android.com/apk/res/android"
3    package="edu.oregonstate.taylordo.wasteagram"
4    android:versionCode="1"
5    android:versionName="1.0.0" >
6
7    <uses-sdk
8        android:minSdkVersion="21"
9        android:targetSdkVersion="30" />
10    <!--
11         Flutter needs it to communicate with the running application
12         to allow setting breakpoints, to provide hot reload, etc.
13    -->
14    <uses-permission android:name="android.permission.INTERNET" />
14-->src/debug/AndroidManifest.xml:6:5-66
14-->src/debug/AndroidManifest.xml:6:22-64
15    <uses-permission android:name="android.permission.ACCESS_FINE_LOCATION" />
15-->src/main/AndroidManifest.xml:4:5-79
15-->src/main/AndroidManifest.xml:4:22-76
16    <uses-permission android:name="android.permission.ACCESS_COARSE_LOCATION" /> <!-- Although the *SdkVersion is captured in gradle build files, this is required for non gradle builds -->
16-->[:location] AndroidManifest.xml:7:5-81
16-->[:location] AndroidManifest.xml:7:22-78
17    <!-- <uses-sdk android:minSdkVersion="14" /> -->
18    <uses-permission android:name="android.permission.ACCESS_NETWORK_STATE" />
18-->[com.google.firebase:firebase-firestore:23.0.1] AndroidManifest.xml:13:5-79
18-->[com.google.firebase:firebase-firestore:23.0.1] AndroidManifest.xml:13:22-76
19
20    <application
20-->src/main/AndroidManifest.xml:5:4-42:19
21        android:appComponentFactory="androidx.core.app.CoreComponentFactory"
21-->[androidx.core:core:1.3.2] AndroidManifest.xml:24:18-86
22        android:debuggable="true"
23        android:icon="@mipmap/ic_launcher"
23-->src/main/AndroidManifest.xml:7:9-43
24        android:label="wasteagram" >
24-->src/main/AndroidManifest.xml:6:9-35
25        <activity
25-->src/main/AndroidManifest.xml:8:9-36:20
26            android:name="edu.oregonstate.taylordo.wasteagram.MainActivity"
26-->src/main/AndroidManifest.xml:9:13-41
27            android:configChanges="orientation|keyboardHidden|keyboard|screenSize|smallestScreenSize|locale|layoutDirection|fontScale|screenLayout|density|uiMode"
27-->src/main/AndroidManifest.xml:12:13-163
28            android:hardwareAccelerated="true"
28-->src/main/AndroidManifest.xml:13:13-47
29            android:launchMode="singleTop"
29-->src/main/AndroidManifest.xml:10:13-43
30            android:theme="@style/LaunchTheme"
30-->src/main/AndroidManifest.xml:11:13-47
31            android:windowSoftInputMode="adjustResize" >
31-->src/main/AndroidManifest.xml:14:13-55
32
33            <!--
34                 Specifies an Android theme to apply to this Activity as soon as
35                 the Android process has started. This theme is visible to the user
36                 while the Flutter UI initializes. After that, this theme continues
37                 to determine the Window background behind the Flutter UI.
38            -->
39            <meta-data
39-->src/main/AndroidManifest.xml:19:13-22:17
40                android:name="io.flutter.embedding.android.NormalTheme"
40-->src/main/AndroidManifest.xml:20:15-70
41                android:resource="@style/NormalTheme" />
41-->src/main/AndroidManifest.xml:21:15-52
42            <!--
43                 Displays an Android View that continues showing the launch screen
44                 Drawable until Flutter paints its first frame, then this splash
45                 screen fades out. A splash screen is useful to avoid any visual
46                 gap between the end of Android's launch screen and the painting of
47                 Flutter's first frame.
48            -->
49            <meta-data
49-->src/main/AndroidManifest.xml:28:13-31:17
50                android:name="io.flutter.embedding.android.SplashScreenDrawable"
50-->src/main/AndroidManifest.xml:29:15-79
51                android:resource="@drawable/launch_background" />
51-->src/main/AndroidManifest.xml:30:15-61
52
53            <intent-filter>
53-->src/main/AndroidManifest.xml:32:13-35:29
54                <action android:name="android.intent.action.MAIN" />
54-->src/main/AndroidManifest.xml:33:17-68
54-->src/main/AndroidManifest.xml:33:25-66
55
56                <category android:name="android.intent.category.LAUNCHER" />
56-->src/main/AndroidManifest.xml:34:17-76
56-->src/main/AndroidManifest.xml:34:27-74
57            </intent-filter>
58        </activity>
59        <!--
60             Don't delete the meta-data below.
61             This is used by the Flutter tool to generate GeneratedPluginRegistrant.java
62        -->
63        <meta-data
63-->src/main/AndroidManifest.xml:39:9-41:33
64            android:name="flutterEmbedding"
64-->src/main/AndroidManifest.xml:40:13-44
65            android:value="2" />
65-->src/main/AndroidManifest.xml:41:13-30
66
67        <service
67-->[:firebase_storage] AndroidManifest.xml:8:9-12:19
68            android:name="com.google.firebase.components.ComponentDiscoveryService"
68-->[:firebase_storage] AndroidManifest.xml:8:18-89
69            android:directBootAware="true"
69-->[com.google.firebase:firebase-common:20.0.0] AndroidManifest.xml:35:13-43
70            android:exported="false" >
70-->[com.google.firebase:firebase-firestore:23.0.1] AndroidManifest.xml:19:13-37
71            <meta-data
71-->[:firebase_storage] AndroidManifest.xml:9:13-11:85
72                android:name="com.google.firebase.components:io.flutter.plugins.firebase.storage.FlutterFirebaseAppRegistrar"
72-->[:firebase_storage] AndroidManifest.xml:10:17-126
73                android:value="com.google.firebase.components.ComponentRegistrar" />
73-->[:firebase_storage] AndroidManifest.xml:11:17-82
74            <meta-data
74-->[:cloud_firestore] AndroidManifest.xml:9:13-11:85
75                android:name="com.google.firebase.components:io.flutter.plugins.firebase.firestore.FlutterFirebaseFirestoreRegistrar"
75-->[:cloud_firestore] AndroidManifest.xml:10:17-134
76                android:value="com.google.firebase.components.ComponentRegistrar" />
76-->[:cloud_firestore] AndroidManifest.xml:11:17-82
77            <meta-data
77-->[:firebase_core] AndroidManifest.xml:9:13-11:85
78                android:name="com.google.firebase.components:io.flutter.plugins.firebase.core.FlutterFirebaseCoreRegistrar"
78-->[:firebase_core] AndroidManifest.xml:10:17-124
79                android:value="com.google.firebase.components.ComponentRegistrar" />
79-->[:firebase_core] AndroidManifest.xml:11:17-82
80            <meta-data
80-->[com.google.firebase:firebase-firestore:23.0.1] AndroidManifest.xml:20:13-22:85
81                android:name="com.google.firebase.components:com.google.firebase.firestore.FirestoreRegistrar"
81-->[com.google.firebase:firebase-firestore:23.0.1] AndroidManifest.xml:21:17-111
82                android:value="com.google.firebase.components.ComponentRegistrar" />
82-->[com.google.firebase:firebase-firestore:23.0.1] AndroidManifest.xml:22:17-82
83            <meta-data
83-->[com.google.firebase:firebase-storage:20.0.0] AndroidManifest.xml:33:13-35:85
84                android:name="com.google.firebase.components:com.google.firebase.storage.StorageRegistrar"
84-->[com.google.firebase:firebase-storage:20.0.0] AndroidManifest.xml:34:17-107
85                android:value="com.google.firebase.components.ComponentRegistrar" />
85-->[com.google.firebase:firebase-storage:20.0.0] AndroidManifest.xml:35:17-82
86        </service>
87
88        <provider
88-->[:image_picker] AndroidManifest.xml:8:9-16:20
89            android:name="io.flutter.plugins.imagepicker.ImagePickerFileProvider"
89-->[:image_picker] AndroidManifest.xml:9:13-82
90            android:authorities="edu.oregonstate.taylordo.wasteagram.flutter.image_provider"
90-->[:image_picker] AndroidManifest.xml:10:13-74
91            android:exported="false"
91-->[:image_picker] AndroidManifest.xml:11:13-37
92            android:grantUriPermissions="true" >
92-->[:image_picker] AndroidManifest.xml:12:13-47
93            <meta-data
93-->[:image_picker] AndroidManifest.xml:13:13-15:75
94                android:name="android.support.FILE_PROVIDER_PATHS"
94-->[:image_picker] AndroidManifest.xml:14:17-67
95                android:resource="@xml/flutter_image_picker_file_paths" />
95-->[:image_picker] AndroidManifest.xml:15:17-72
96        </provider>
97
98        <service
98-->[:location] AndroidManifest.xml:11:9-15:56
99            android:name="com.lyokone.location.FlutterLocationService"
99-->[:location] AndroidManifest.xml:12:13-71
100            android:enabled="true"
100-->[:location] AndroidManifest.xml:13:13-35
101            android:exported="false"
101-->[:location] AndroidManifest.xml:14:13-37
102            android:foregroundServiceType="location" />
102-->[:location] AndroidManifest.xml:15:13-53
103
104        <provider
104-->[com.google.firebase:firebase-common:20.0.0] AndroidManifest.xml:26:9-31:39
105            android:name="com.google.firebase.provider.FirebaseInitProvider"
105-->[com.google.firebase:firebase-common:20.0.0] AndroidManifest.xml:27:13-77
106            android:authorities="edu.oregonstate.taylordo.wasteagram.firebaseinitprovider"
106-->[com.google.firebase:firebase-common:20.0.0] AndroidManifest.xml:28:13-72
107            android:directBootAware="true"
107-->[com.google.firebase:firebase-common:20.0.0] AndroidManifest.xml:29:13-43
108            android:exported="false"
108-->[com.google.firebase:firebase-common:20.0.0] AndroidManifest.xml:30:13-37
109            android:initOrder="100" />
109-->[com.google.firebase:firebase-common:20.0.0] AndroidManifest.xml:31:13-36
110
111        <activity
111-->[com.google.android.gms:play-services-base:17.1.0] AndroidManifest.xml:23:9-26:75
112            android:name="com.google.android.gms.common.api.GoogleApiActivity"
112-->[com.google.android.gms:play-services-base:17.1.0] AndroidManifest.xml:24:13-79
113            android:exported="false"
113-->[com.google.android.gms:play-services-base:17.1.0] AndroidManifest.xml:25:13-37
114            android:theme="@android:style/Theme.Translucent.NoTitleBar" />
114-->[com.google.android.gms:play-services-base:17.1.0] AndroidManifest.xml:26:13-72
115
116        <meta-data
116-->[com.google.android.gms:play-services-basement:17.0.0] AndroidManifest.xml:23:9-25:69
117            android:name="com.google.android.gms.version"
117-->[com.google.android.gms:play-services-basement:17.0.0] AndroidManifest.xml:24:13-58
118            android:value="@integer/google_play_services_version" />
118-->[com.google.android.gms:play-services-basement:17.0.0] AndroidManifest.xml:25:13-66
119    </application>
120
121</manifest>